#
# A fatal error has been detected by the Java Runtime Environment:
#
#  Internal Error (javaCalls.cpp:51), pid=5408, tid=0x0000000000001d34
#  guarantee(thread->is_Java_thread()) failed: crucial check - the VM thread cannot and must not escape to Java code
#
# JRE version: Java(TM) SE Runtime Environment (8.0_181-b13) (build 1.8.0_181-b13)
# Java VM: Java HotSpot(TM) 64-Bit Server VM (25.181-b13 mixed mode windows-amd64 compressed oops)
# Failed to write core dump. Minidumps are not enabled by default on client versions of Windows
#
# If you would like to submit a bug report, please visit:
#   http://bugreport.java.com/bugreport/crash.jsp
#

---------------  T H R E A D  ---------------

Current thread (0x0000000016ba8800):  VMThread [stack: 0x0000000017c30000,0x0000000017d30000] [id=7476]

Stack: [0x0000000017c30000,0x0000000017d30000]
[error occurred during error reporting (printing stack bounds), id 0xc0000005]

Native frames: (J=compiled Java code, j=interpreted, Vv=VM code, C=native code)

VM_Operation (0x000000001870f1e0): GetOrSetLocal, mode: safepoint, requested by thread 0x0000000016bf5800


---------------  P R O C E S S  ---------------

Java Threads: ( => current thread )
  0x00000000184c1800 JavaThread "Service Thread" daemon [_thread_blocked, id=7988, stack(0x0000000018c10000,0x0000000018d10000)]
  0x00000000184bb000 JavaThread "C1 CompilerThread2" daemon [_thread_blocked, id=4852, stack(0x0000000018b10000,0x0000000018c10000)]
  0x0000000018459000 JavaThread "C2 CompilerThread1" daemon [_thread_blocked, id=4408, stack(0x0000000018a10000,0x0000000018b10000)]
  0x000000001845e800 JavaThread "C2 CompilerThread0" daemon [_thread_blocked, id=3772, stack(0x0000000018910000,0x0000000018a10000)]
  0x0000000018225800 JavaThread "JDWP Command Reader" daemon [_thread_in_native, id=4700, stack(0x0000000018810000,0x0000000018910000)]
  0x0000000018219000 JavaThread "JDWP Event Helper Thread" daemon [_thread_blocked, id=4704, stack(0x0000000018710000,0x0000000018810000)]
  0x0000000016bf5800 JavaThread "JDWP Transport Listener: dt_socket" daemon [_thread_blocked, id=7204, stack(0x0000000018610000,0x0000000018710000)]
  0x0000000016bef800 JavaThread "Attach Listener" daemon [_thread_blocked, id=7588, stack(0x0000000018110000,0x0000000018210000)]
  0x0000000016bdd800 JavaThread "Signal Dispatcher" daemon [_thread_blocked, id=7436, stack(0x0000000018010000,0x0000000018110000)]
  0x0000000016bd0800 JavaThread "Finalizer" daemon [_thread_blocked, id=7256, stack(0x0000000017e30000,0x0000000017f30000)]
  0x0000000002096000 JavaThread "Reference Handler" daemon [_thread_blocked, id=7648, stack(0x0000000017d30000,0x0000000017e30000)]
  0x0000000001fa6000 JavaThread "main" [_thread_blocked, id=3332, stack(0x00000000004c0000,0x00000000005c0000)]

Other Threads:
=>0x0000000016ba8800 VMThread [stack: 0x0000000017c30000,0x0000000017d30000] [id=7476]
  0x0000000018505000 WatcherThread [stack: 0x0000000018d10000,0x0000000018e10000] [id=5892]

VM state:at safepoint (normal execution)

VM Mutex/Monitor currently owned by a thread:  ([mutex/lock_event])
[0x0000000001fa2450] Threads_lock - owner thread: 0x0000000016ba8800

Heap:
 PSYoungGen      total 71680K, used 32757K [0x00000000d5e00000, 0x00000000df900000, 0x0000000100000000)
  eden space 66560K, 49% used [0x00000000d5e00000,0x00000000d7dfd710,0x00000000d9f00000)
  from space 5120K, 0% used [0x00000000d9f00000,0x00000000d9f00000,0x00000000da400000)
  to   space 12800K, 0% used [0x00000000dec80000,0x00000000dec80000,0x00000000df900000)
 ParOldGen       total 62976K, used 16348K [0x0000000081a00000, 0x0000000085780000, 0x00000000d5e00000)
  object space 62976K, 25% used [0x0000000081a00000,0x00000000829f7040,0x0000000085780000)
 Metaspace       used 22787K, capacity 23786K, committed 23936K, reserved 1071104K
  class space    used 2745K, capacity 3171K, committed 3200K, reserved 1048576K

Card table byte_map: [0x0000000011460000,0x0000000011860000] byte_map_base: 0x0000000011053000

Marking Bits: (ParMarkBitMap*) 0x0000000065922d00
 Begin Bits: [0x0000000011f10000, 0x0000000013ea8000)
 End Bits:   [0x0000000013ea8000, 0x0000000015e40000)

Polling page: 0x0000000000380000

CodeCache: size=245760Kb used=10699Kb max_used=10738Kb free=235060Kb
 bounds [0x00000000020a0000, 0x0000000002b30000, 0x00000000110a0000]
 total_blobs=3088 nmethods=2446 adapters=561
 compilation: enabled

Compilation events (10 events):
Event: 4.544 Thread 0x000000001845e800 nmethod 2422 0x0000000002b01c90 code [0x0000000002b01e20, 0x0000000002b024f8]
Event: 4.544 Thread 0x000000001845e800 2418       4       org.codehaus.groovy.runtime.typehandling.DefaultTypeTransformation::castToBoolean (39 bytes)
Event: 4.545 Thread 0x000000001845e800 nmethod 2418 0x0000000002b02e90 code [0x0000000002b02fe0, 0x0000000002b030a8]
Event: 4.545 Thread 0x000000001845e800 2427       4       org.codehaus.groovy.runtime.callsite.PojoMetaMethodSite::call (23 bytes)
Event: 4.558 Thread 0x000000001845e800 nmethod 2427 0x0000000002b037d0 code [0x0000000002b03960, 0x0000000002b040d8]
Event: 4.558 Thread 0x000000001845e800 2435       4       groovy.lang.Closure::getProperty (204 bytes)
Event: 4.679 Thread 0x000000001845e800 nmethod 2435 0x0000000002b0b7d0 code [0x0000000002b0bbc0, 0x0000000002b0f380]
Event: 4.679 Thread 0x000000001845e800 2420   !   4       org.codehaus.groovy.runtime.typehandling.DefaultTypeTransformation::compareToWithEqualityCheck (330 bytes)
Event: 4.685 Thread 0x000000001845e800 nmethod 2420 0x0000000002b08b50 code [0x0000000002b08ce0, 0x0000000002b09478]
Event: 4.755 Thread 0x0000000018459000 nmethod 2423 0x0000000002b1c7d0 code [0x0000000002b1ccc0, 0x0000000002b23c38]

GC Heap History (10 events):
Event: 2.384 GC heap before
{Heap before GC invocations=2 (full 0):
 PSYoungGen      total 38400K, used 38390K [0x00000000d5e00000, 0x00000000d8880000, 0x0000000100000000)
  eden space 33280K, 100% used [0x00000000d5e00000,0x00000000d7e80000,0x00000000d7e80000)
  from space 5120K, 99% used [0x00000000d7e80000,0x00000000d837d988,0x00000000d8380000)
  to   space 5120K, 0% used [0x00000000d8380000,0x00000000d8380000,0x00000000d8880000)
 ParOldGen       total 87552K, used 348K [0x0000000081a00000, 0x0000000086f80000, 0x00000000d5e00000)
  object space 87552K, 0% used [0x0000000081a00000,0x0000000081a57078,0x0000000086f80000)
 Metaspace       used 13558K, capacity 13842K, committed 13952K, reserved 1060864K
  class space    used 1493K, capacity 1636K, committed 1664K, reserved 1048576K
Event: 2.397 GC heap after
Heap after GC invocations=2 (full 0):
 PSYoungGen      total 38400K, used 5120K [0x00000000d5e00000, 0x00000000d8880000, 0x0000000100000000)
  eden space 33280K, 0% used [0x00000000d5e00000,0x00000000d5e00000,0x00000000d7e80000)
  from space 5120K, 100% used [0x00000000d8380000,0x00000000d8880000,0x00000000d8880000)
  to   space 5120K, 0% used [0x00000000d7e80000,0x00000000d7e80000,0x00000000d8380000)
 ParOldGen       total 87552K, used 3060K [0x0000000081a00000, 0x0000000086f80000, 0x00000000d5e00000)
  object space 87552K, 3% used [0x0000000081a00000,0x0000000081cfd350,0x0000000086f80000)
 Metaspace       used 13558K, capacity 13842K, committed 13952K, reserved 1060864K
  class space    used 1493K, capacity 1636K, committed 1664K, reserved 1048576K
}
Event: 2.996 GC heap before
{Heap before GC invocations=3 (full 0):
 PSYoungGen      total 38400K, used 38400K [0x00000000d5e00000, 0x00000000d8880000, 0x0000000100000000)
  eden space 33280K, 100% used [0x00000000d5e00000,0x00000000d7e80000,0x00000000d7e80000)
  from space 5120K, 100% used [0x00000000d8380000,0x00000000d8880000,0x00000000d8880000)
  to   space 5120K, 0% used [0x00000000d7e80000,0x00000000d7e80000,0x00000000d8380000)
 ParOldGen       total 87552K, used 3060K [0x0000000081a00000, 0x0000000086f80000, 0x00000000d5e00000)
  object space 87552K, 3% used [0x0000000081a00000,0x0000000081cfd350,0x0000000086f80000)
 Metaspace       used 17412K, capacity 18026K, committed 18304K, reserved 1064960K
  class space    used 2036K, capacity 2353K, committed 2432K, reserved 1048576K
Event: 3.008 GC heap after
Heap after GC invocations=3 (full 0):
 PSYoungGen      total 38400K, used 5120K [0x00000000d5e00000, 0x00000000da900000, 0x0000000100000000)
  eden space 33280K, 0% used [0x00000000d5e00000,0x00000000d5e00000,0x00000000d7e80000)
  from space 5120K, 100% used [0x00000000d7e80000,0x00000000d8380000,0x00000000d8380000)
  to   space 5120K, 0% used [0x00000000da400000,0x00000000da400000,0x00000000da900000)
 ParOldGen       total 87552K, used 7659K [0x0000000081a00000, 0x0000000086f80000, 0x00000000d5e00000)
  object space 87552K, 8% used [0x0000000081a00000,0x000000008217ae08,0x0000000086f80000)
 Metaspace       used 17412K, capacity 18026K, committed 18304K, reserved 1064960K
  class space    used 2036K, capacity 2353K, committed 2432K, reserved 1048576K
}
Event: 3.965 GC heap before
{Heap before GC invocations=4 (full 0):
 PSYoungGen      total 38400K, used 38400K [0x00000000d5e00000, 0x00000000da900000, 0x0000000100000000)
  eden space 33280K, 100% used [0x00000000d5e00000,0x00000000d7e80000,0x00000000d7e80000)
  from space 5120K, 100% used [0x00000000d7e80000,0x00000000d8380000,0x00000000d8380000)
  to   space 5120K, 0% used [0x00000000da400000,0x00000000da400000,0x00000000da900000)
 ParOldGen       total 87552K, used 7659K [0x0000000081a00000, 0x0000000086f80000, 0x00000000d5e00000)
  object space 87552K, 8% used [0x0000000081a00000,0x000000008217ae08,0x0000000086f80000)
 Metaspace       used 20150K, capacity 21034K, committed 21296K, reserved 1067008K
  class space    used 2459K, capacity 2839K, committed 2944K, reserved 1048576K
Event: 3.982 GC heap after
Heap after GC invocations=4 (full 0):
 PSYoungGen      total 71680K, used 5104K [0x00000000d5e00000, 0x00000000da900000, 0x0000000100000000)
  eden space 66560K, 0% used [0x00000000d5e00000,0x00000000d5e00000,0x00000000d9f00000)
  from space 5120K, 99% used [0x00000000da400000,0x00000000da8fc010,0x00000000da900000)
  to   space 5120K, 0% used [0x00000000d9f00000,0x00000000d9f00000,0x00000000da400000)
 ParOldGen       total 87552K, used 13119K [0x0000000081a00000, 0x0000000086f80000, 0x00000000d5e00000)
  object space 87552K, 14% used [0x0000000081a00000,0x00000000826cfd20,0x0000000086f80000)
 Metaspace       used 20150K, capacity 21034K, committed 21296K, reserved 1067008K
  class space    used 2459K, capacity 2839K, committed 2944K, reserved 1048576K
}
Event: 4.005 GC heap before
{Heap before GC invocations=5 (full 0):
 PSYoungGen      total 71680K, used 6610K [0x00000000d5e00000, 0x00000000da900000, 0x0000000100000000)
  eden space 66560K, 2% used [0x00000000d5e00000,0x00000000d5f787f0,0x00000000d9f00000)
  from space 5120K, 99% used [0x00000000da400000,0x00000000da8fc010,0x00000000da900000)
  to   space 5120K, 0% used [0x00000000d9f00000,0x00000000d9f00000,0x00000000da400000)
 ParOldGen       total 87552K, used 13119K [0x0000000081a00000, 0x0000000086f80000, 0x00000000d5e00000)
  object space 87552K, 14% used [0x0000000081a00000,0x00000000826cfd20,0x0000000086f80000)
 Metaspace       used 20231K, capacity 21144K, committed 21296K, reserved 1067008K
  class space    used 2469K, capacity 2852K, committed 2944K, reserved 1048576K
Event: 4.020 GC heap after
Heap after GC invocations=5 (full 0):
 PSYoungGen      total 71680K, used 5088K [0x00000000d5e00000, 0x00000000df900000, 0x0000000100000000)
  eden space 66560K, 0% used [0x00000000d5e00000,0x00000000d5e00000,0x00000000d9f00000)
  from space 5120K, 99% used [0x00000000d9f00000,0x00000000da3f8020,0x00000000da400000)
  to   space 12800K, 0% used [0x00000000dec80000,0x00000000dec80000,0x00000000df900000)
 ParOldGen       total 87552K, used 13191K [0x0000000081a00000, 0x0000000086f80000, 0x00000000d5e00000)
  object space 87552K, 15% used [0x0000000081a00000,0x00000000826e1d20,0x0000000086f80000)
 Metaspace       used 20231K, capacity 21144K, committed 21296K, reserved 1067008K
  class space    used 2469K, capacity 2852K, committed 2944K, reserved 1048576K
}
Event: 4.020 GC heap before
{Heap before GC invocations=6 (full 1):
 PSYoungGen      total 71680K, used 5088K [0x00000000d5e00000, 0x00000000df900000, 0x0000000100000000)
  eden space 66560K, 0% used [0x00000000d5e00000,0x00000000d5e00000,0x00000000d9f00000)
  from space 5120K, 99% used [0x00000000d9f00000,0x00000000da3f8020,0x00000000da400000)
  to   space 12800K, 0% used [0x00000000dec80000,0x00000000dec80000,0x00000000df900000)
 ParOldGen       total 87552K, used 13191K [0x0000000081a00000, 0x0000000086f80000, 0x00000000d5e00000)
  object space 87552K, 15% used [0x0000000081a00000,0x00000000826e1d20,0x0000000086f80000)
 Metaspace       used 20231K, capacity 21144K, committed 21296K, reserved 1067008K
  class space    used 2469K, capacity 2852K, committed 2944K, reserved 1048576K
Event: 4.099 GC heap after
Heap after GC invocations=6 (full 1):
 PSYoungGen      total 71680K, used 0K [0x00000000d5e00000, 0x00000000df900000, 0x0000000100000000)
  eden space 66560K, 0% used [0x00000000d5e00000,0x00000000d5e00000,0x00000000d9f00000)
  from space 5120K, 0% used [0x00000000d9f00000,0x00000000d9f00000,0x00000000da400000)
  to   space 12800K, 0% used [0x00000000dec80000,0x00000000dec80000,0x00000000df900000)
 ParOldGen       total 62976K, used 16348K [0x0000000081a00000, 0x0000000085780000, 0x00000000d5e00000)
  object space 62976K, 25% used [0x0000000081a00000,0x00000000829f7040,0x0000000085780000)
 Metaspace       used 20231K, capacity 21144K, committed 21296K, reserved 1067008K
  class space    used 2469K, capacity 2852K, committed 2944K, reserved 1048576K
}

Deoptimization events (10 events):
Event: 4.252 Thread 0x0000000001fa6000 Uncommon trap: reason=class_check action=maybe_recompile pc=0x000000000282835c method=java.util.regex.Matcher.search(I)Z @ 86
Event: 4.461 Thread 0x0000000001fa6000 Uncommon trap: reason=unstable_if action=reinterpret pc=0x00000000029aaaf8 method=sun.misc.Launcher$AppClassLoader.loadClass(Ljava/lang/String;Z)Ljava/lang/Class; @ 9
Event: 4.465 Thread 0x0000000001fa6000 Uncommon trap: reason=class_check action=maybe_recompile pc=0x0000000002a9d340 method=groovy.lang.MetaClassImpl.getProperty(Ljava/lang/Class;Ljava/lang/Object;Ljava/lang/String;ZZ)Ljava/lang/Object; @ 11
Event: 4.465 Thread 0x0000000001fa6000 Uncommon trap: reason=class_check action=maybe_recompile pc=0x0000000002a9d340 method=groovy.lang.MetaClassImpl.getProperty(Ljava/lang/Class;Ljava/lang/Object;Ljava/lang/String;ZZ)Ljava/lang/Object; @ 11
Event: 4.465 Thread 0x0000000001fa6000 Uncommon trap: reason=class_check action=maybe_recompile pc=0x0000000002a9d340 method=groovy.lang.MetaClassImpl.getProperty(Ljava/lang/Class;Ljava/lang/Object;Ljava/lang/String;ZZ)Ljava/lang/Object; @ 11
Event: 4.465 Thread 0x0000000001fa6000 Uncommon trap: reason=class_check action=maybe_recompile pc=0x0000000002a9d340 method=groovy.lang.MetaClassImpl.getProperty(Ljava/lang/Class;Ljava/lang/Object;Ljava/lang/String;ZZ)Ljava/lang/Object; @ 11
Event: 4.471 Thread 0x0000000001fa6000 Uncommon trap: reason=unstable_if action=reinterpret pc=0x0000000002a7c384 method=org.codehaus.groovy.runtime.callsite.ClassMetaClassGetPropertySite.acceptGetProperty(Ljava/lang/Object;)Lorg/codehaus/groovy/runtime/callsite/CallSite; @ 19
Event: 4.522 Thread 0x0000000001fa6000 Uncommon trap: reason=class_check action=maybe_recompile pc=0x0000000002a964f4 method=org.codehaus.groovy.runtime.typehandling.DefaultTypeTransformation.compareEqual(Ljava/lang/Object;Ljava/lang/Object;)Z @ 26
Event: 4.522 Thread 0x0000000001fa6000 Uncommon trap: reason=class_check action=maybe_recompile pc=0x0000000002a964f4 method=org.codehaus.groovy.runtime.typehandling.DefaultTypeTransformation.compareEqual(Ljava/lang/Object;Ljava/lang/Object;)Z @ 26
Event: 4.522 Thread 0x0000000001fa6000 Uncommon trap: reason=class_check action=maybe_recompile pc=0x000000000282835c method=java.util.regex.Matcher.search(I)Z @ 86

Classes redefined (3 events):
Event: 127.255 Thread 0x0000000016ba8800 redefined class name=FootballAPI, count=1
Event: 181.080 Thread 0x0000000016ba8800 redefined class name=FootballAPI, count=2
Event: 280.168 Thread 0x0000000016ba8800 redefined class name=FootballAPI, count=3

Internal exceptions (10 events):
Event: 4.254 Thread 0x0000000001fa6000 Exception <a 'java/lang/ClassNotFoundException': groovy/lang/BindingBeanInfo> (0x00000000d67e0640) thrown at [C:\re\workspace\8-2-build-windows-amd64-cygwin\jdk8u181\11358\hotspot\src\share\vm\classfile\systemDictionary.cpp, line 210]
Event: 4.255 Thread 0x0000000001fa6000 Exception <a 'java/lang/ClassNotFoundException': groovy/lang/BindingCustomizer> (0x00000000d67ec9a0) thrown at [C:\re\workspace\8-2-build-windows-amd64-cygwin\jdk8u181\11358\hotspot\src\share\vm\classfile\systemDictionary.cpp, line 210]
Event: 4.258 Thread 0x0000000001fa6000 Exception <a 'java/lang/ClassNotFoundException': groovy/lang/GroovyShellBeanInfo> (0x00000000d6829848) thrown at [C:\re\workspace\8-2-build-windows-amd64-cygwin\jdk8u181\11358\hotspot\src\share\vm\classfile\systemDictionary.cpp, line 210]
Event: 4.258 Thread 0x0000000001fa6000 Exception <a 'java/lang/ClassNotFoundException': groovy/lang/GroovyShellCustomizer> (0x00000000d68363e0) thrown at [C:\re\workspace\8-2-build-windows-amd64-cygwin\jdk8u181\11358\hotspot\src\share\vm\classfile\systemDictionary.cpp, line 210]
Event: 4.463 Thread 0x0000000001fa6000 Exception <a 'java/lang/ClassNotFoundException': Script1BeanInfo> (0x00000000d75d5850) thrown at [C:\re\workspace\8-2-build-windows-amd64-cygwin\jdk8u181\11358\hotspot\src\share\vm\classfile\systemDictionary.cpp, line 210]
Event: 4.464 Thread 0x0000000001fa6000 Exception <a 'java/lang/ClassNotFoundException': groovy/lang/ScriptBeanInfo> (0x00000000d75e0ed0) thrown at [C:\re\workspace\8-2-build-windows-amd64-cygwin\jdk8u181\11358\hotspot\src\share\vm\classfile\systemDictionary.cpp, line 210]
Event: 4.464 Thread 0x0000000001fa6000 Exception <a 'java/lang/ClassNotFoundException': groovy/lang/ScriptCustomizer> (0x00000000d75ed008) thrown at [C:\re\workspace\8-2-build-windows-amd64-cygwin\jdk8u181\11358\hotspot\src\share\vm\classfile\systemDictionary.cpp, line 210]
Event: 4.465 Thread 0x0000000001fa6000 Exception <a 'java/lang/ClassNotFoundException': Script1Customizer> (0x00000000d7604ab0) thrown at [C:\re\workspace\8-2-build-windows-amd64-cygwin\jdk8u181\11358\hotspot\src\share\vm\classfile\systemDictionary.cpp, line 210]
Event: 4.531 Thread 0x0000000001fa6000 Exception <a 'java/lang/ClassNotFoundException': Script1BeanInfo> (0x00000000d7c52e28) thrown at [C:\re\workspace\8-2-build-windows-amd64-cygwin\jdk8u181\11358\hotspot\src\share\vm\classfile\systemDictionary.cpp, line 210]
Event: 4.532 Thread 0x0000000001fa6000 Exception <a 'java/lang/ClassNotFoundException': Script1Customizer> (0x00000000d7c60cc8) thrown at [C:\re\workspace\8-2-build-windows-amd64-cygwin\jdk8u181\11358\hotspot\src\share\vm\classfile\systemDictionary.cpp, line 210]

Events (10 events):
Event: 181.408 Executing VM operation: GetOrSetLocal done
Event: 181.460 Executing VM operation: GetOrSetLocal
Event: 181.460 Executing VM operation: GetOrSetLocal done
Event: 249.172 Executing VM operation: ChangeBreakpoints
Event: 249.172 Executing VM operation: ChangeBreakpoints done
Event: 249.186 Executing VM operation: ChangeBreakpoints
Event: 249.186 Executing VM operation: ChangeBreakpoints done
Event: 280.149 Executing VM operation: RedefineClasses
Event: 280.169 Executing VM operation: RedefineClasses done
Event: 280.171 Executing VM operation: GetOrSetLocal


Dynamic libraries:
0x00007ff780470000 - 0x00007ff7804a7000 	C:\Program Files\Java\jdk1.8.0_181\bin\java.exe
0x00007ffeddb90000 - 0x00007ffeddd3d000 	C:\WINDOWS\SYSTEM32\ntdll.dll
0x00007ffedbd70000 - 0x00007ffedbeae000 	C:\WINDOWS\system32\KERNEL32.DLL
0x00007ffedb0f0000 - 0x00007ffedb206000 	C:\WINDOWS\system32\KERNELBASE.dll
0x00007ffed9870000 - 0x00007ffed98fe000 	C:\WINDOWS\system32\apphelp.dll
0x00007ffece9d0000 - 0x00007ffecea24000 	C:\WINDOWS\AppPatch\AppPatch64\AcGenral.DLL
0x00007ffedc350000 - 0x00007ffedc3fa000 	C:\WINDOWS\system32\msvcrt.dll
0x00007ffedae30000 - 0x00007ffedae5e000 	C:\WINDOWS\system32\SspiCli.dll
0x00007ffedbd10000 - 0x00007ffedbd64000 	C:\WINDOWS\system32\SHLWAPI.dll
0x00007ffedb900000 - 0x00007ffedba77000 	C:\WINDOWS\system32\USER32.dll
0x00007ffedb420000 - 0x00007ffedb5b4000 	C:\WINDOWS\system32\ole32.dll
0x00007ffedc660000 - 0x00007ffeddb8b000 	C:\WINDOWS\system32\SHELL32.dll
0x00007ffeda270000 - 0x00007ffeda291000 	C:\WINDOWS\SYSTEM32\USERENV.dll
0x00007ffedc0d0000 - 0x00007ffedc17a000 	C:\WINDOWS\system32\ADVAPI32.dll
0x00007ffec7800000 - 0x00007ffec781e000 	C:\WINDOWS\SYSTEM32\MPR.dll
0x00007ffedb7c0000 - 0x00007ffedb900000 	C:\WINDOWS\system32\RPCRT4.dll
0x00007ffedbcb0000 - 0x00007ffedbd09000 	C:\WINDOWS\SYSTEM32\sechost.dll
0x00007ffedbeb0000 - 0x00007ffedc0c2000 	C:\WINDOWS\SYSTEM32\combase.dll
0x00007ffedb2d0000 - 0x00007ffedb41c000 	C:\WINDOWS\system32\GDI32.dll
0x00007ffedacb0000 - 0x00007ffedacc5000 	C:\WINDOWS\SYSTEM32\profapi.dll
0x00007ffed90e0000 - 0x00007ffed9192000 	C:\WINDOWS\SYSTEM32\SHCORE.dll
0x00007ffedc310000 - 0x00007ffedc346000 	C:\WINDOWS\system32\IMM32.DLL
0x00007ffedc180000 - 0x00007ffedc2d1000 	C:\WINDOWS\system32\MSCTF.dll
0x00007ffed8390000 - 0x00007ffed860b000 	C:\WINDOWS\WinSxS\amd64_microsoft.windows.common-controls_6595b64144ccf1df_6.0.9600.18006_none_623f33d3ecbe86e8\COMCTL32.dll
0x00000000659b0000 - 0x0000000065a82000 	C:\Program Files\Java\jdk1.8.0_181\jre\bin\msvcr100.dll
0x0000000065100000 - 0x00000000659a2000 	C:\Program Files\Java\jdk1.8.0_181\jre\bin\server\jvm.dll
0x00007ffed1ac0000 - 0x00007ffed1ac9000 	C:\WINDOWS\SYSTEM32\WSOCK32.dll
0x00007ffed2290000 - 0x00007ffed22b2000 	C:\WINDOWS\SYSTEM32\WINMM.dll
0x00007ffed52f0000 - 0x00007ffed52fa000 	C:\WINDOWS\SYSTEM32\VERSION.dll
0x00007ffedc300000 - 0x00007ffedc307000 	C:\WINDOWS\system32\PSAPI.DLL
0x00007ffedb5c0000 - 0x00007ffedb61a000 	C:\WINDOWS\system32\WS2_32.dll
0x00007ffed2260000 - 0x00007ffed228a000 	C:\WINDOWS\SYSTEM32\WINMMBASE.dll
0x00007ffedc650000 - 0x00007ffedc659000 	C:\WINDOWS\system32\NSI.dll
0x00007ffedae60000 - 0x00007ffedaeaf000 	C:\WINDOWS\SYSTEM32\cfgmgr32.dll
0x00007ffed9ad0000 - 0x00007ffed9af8000 	C:\WINDOWS\SYSTEM32\DEVOBJ.dll
0x00000000650f0000 - 0x00000000650ff000 	C:\Program Files\Java\jdk1.8.0_181\jre\bin\verify.dll
0x00000000650c0000 - 0x00000000650e9000 	C:\Program Files\Java\jdk1.8.0_181\jre\bin\java.dll
0x0000000065060000 - 0x0000000065095000 	C:\Program Files\Java\jdk1.8.0_181\jre\bin\jdwp.dll
0x0000000064f70000 - 0x0000000064f78000 	C:\Program Files\Java\jdk1.8.0_181\jre\bin\npt.dll
0x0000000064f40000 - 0x0000000064f63000 	C:\Program Files\Java\jdk1.8.0_181\jre\bin\instrument.dll
0x00000000650a0000 - 0x00000000650b6000 	C:\Program Files\Java\jdk1.8.0_181\jre\bin\zip.dll
0x0000000064f30000 - 0x0000000064f39000 	C:\Program Files\Java\jdk1.8.0_181\jre\bin\dt_socket.dll
0x00007ffeda540000 - 0x00007ffeda599000 	C:\WINDOWS\system32\mswsock.dll
0x0000000064f10000 - 0x0000000064f2a000 	C:\Program Files\Java\jdk1.8.0_181\jre\bin\net.dll
0x00007ffeda5a0000 - 0x00007ffeda5c0000 	C:\WINDOWS\SYSTEM32\CRYPTSP.dll
0x00007ffeda160000 - 0x00007ffeda196000 	C:\WINDOWS\system32\rsaenh.dll
0x00007ffeda7f0000 - 0x00007ffeda816000 	C:\WINDOWS\SYSTEM32\bcrypt.dll
0x00007ffedab10000 - 0x00007ffedab73000 	C:\WINDOWS\system32\bcryptprimitives.dll
0x00007ffedab80000 - 0x00007ffedab8b000 	C:\WINDOWS\SYSTEM32\CRYPTBASE.dll
0x00007ffed5d80000 - 0x00007ffed5daa000 	C:\WINDOWS\SYSTEM32\IPHLPAPI.DLL
0x00007ffed5d60000 - 0x00007ffed5d6a000 	C:\WINDOWS\SYSTEM32\WINNSI.DLL
0x00007ffed58c0000 - 0x00007ffed58d6000 	C:\WINDOWS\SYSTEM32\dhcpcsvc6.DLL
0x00007ffed5a80000 - 0x00007ffed5a9a000 	C:\WINDOWS\SYSTEM32\dhcpcsvc.DLL
0x0000000064ef0000 - 0x0000000064f01000 	C:\Program Files\Java\jdk1.8.0_181\jre\bin\nio.dll
0x0000000064ec0000 - 0x0000000064ee4000 	C:\Program Files\Java\jdk1.8.0_181\jre\bin\sunec.dll
0x00007ffeda2e0000 - 0x00007ffeda384000 	C:\WINDOWS\SYSTEM32\DNSAPI.dll
0x00007ffec9810000 - 0x00007ffec981a000 	C:\Windows\System32\rasadhlp.dll
0x00007ffed5a10000 - 0x00007ffed5a7b000 	C:\WINDOWS\System32\fwpuclnt.dll
0x0000000064eb0000 - 0x0000000064ebb000 	C:\Program Files\Java\jdk1.8.0_181\jre\bin\sunmscapi.dll
0x00007ffedaf10000 - 0x00007ffedb0ef000 	C:\WINDOWS\system32\CRYPT32.dll
0x00007ffedad60000 - 0x00007ffedad71000 	C:\WINDOWS\system32\MSASN1.dll

VM Arguments:
jvm_args: -agentlib:jdwp=transport=dt_socket,address=127.0.0.1:54173,suspend=y,server=n -ea -Didea.test.cyclic.buffer.size=1048576 -javaagent:C:\Users\HoangPC\.IdeaIC2018.2\system\captureAgent\debugger-agent.jar=file:/C:/Users/HoangPC/AppData/Local/Temp/capture.props -Dfile.encoding=UTF-8 
java_command: org.testng.RemoteTestNGStarter -usedefaultlisteners false -socket54172 @w@C:\Users\HoangPC\AppData\Local\Temp\idea_working_dirs_testng1.tmp -temp C:\Users\HoangPC\AppData\Local\Temp\idea_testng1.tmp
java_class_path (initial): C:\Program Files\JetBrains\IntelliJ IDEA Community Edition 2018.2.5\lib\idea_rt.jar;C:\Program Files\JetBrains\IntelliJ IDEA Community Edition 2018.2.5\plugins\testng\lib\testng-plugin.jar;C:\Program Files\Java\jdk1.8.0_181\jre\lib\charsets.jar;C:\Program Files\Java\jdk1.8.0_181\jre\lib\deploy.jar;C:\Program Files\Java\jdk1.8.0_181\jre\lib\ext\access-bridge-64.jar;C:\Program Files\Java\jdk1.8.0_181\jre\lib\ext\cldrdata.jar;C:\Program Files\Java\jdk1.8.0_181\jre\lib\ext\dnsns.jar;C:\Program Files\Java\jdk1.8.0_181\jre\lib\ext\jaccess.jar;C:\Program Files\Java\jdk1.8.0_181\jre\lib\ext\jfxrt.jar;C:\Program Files\Java\jdk1.8.0_181\jre\lib\ext\localedata.jar;C:\Program Files\Java\jdk1.8.0_181\jre\lib\ext\nashorn.jar;C:\Program Files\Java\jdk1.8.0_181\jre\lib\ext\sunec.jar;C:\Program Files\Java\jdk1.8.0_181\jre\lib\ext\sunjce_provider.jar;C:\Program Files\Java\jdk1.8.0_181\jre\lib\ext\sunmscapi.jar;C:\Program Files\Java\jdk1.8.0_181\jre\lib\ext\sunpkcs11.jar;C:\Program Files\Java\jdk1.8.0_181\jre\lib\ext\zipfs.jar;C:\Program Files\Java\jdk1.8.0_181\jre\lib\javaws.jar;C:\Program Files\Java\jdk1.8.0_181\jre\lib\jce.jar;C:\Program Files\Java\jdk1.8.0_181\jre\lib\jfr.jar;C:\Program Files\Java\jdk1.8.0_181\jre\lib\jfxswt.jar;C:\Program Files\Java\jdk1.8.0_181\jre\lib\jsse.jar;C:\Program Files\Java\jdk1.8.0_181\jre\lib\management-agent.jar;C:\Program Files\Java\jdk1.8.0_181\jre\lib\plugin.jar;C:\Program Files\Java\jdk1.8.0_181\jre\lib\resources.jar;C:\Program Files\Java\jdk1.8.0_181\jre\lib\rt.jar;I:\House of knowledge\05.1 IntelliJ prj\RAK03\target\test-classes;I:\House of knowledge\05.1 IntelliJ prj\RAK03\target\classes;C:\Users\HoangPC\.m2\repository\org\testng\testng\6.14.3\testng-6.14.3.jar;C:\Users\HoangPC\.m2\repository\com\beust\jcommander\1.72\jcommander-1.72.jar;C:\Users\HoangPC\.m2\repository\org\apache-extras\beanshell\bsh\2.0b6\bsh-2.0b6.jar;C:\Users\HoangPC\.m2\repository\io\rest-assured\rest-assured\3.1.1\rest-assured-3.1.1.jar;C:\Use
Launcher Type: SUN_STANDARD

Environment Variables:
JAVA_HOME=C:\Program Files\Java\jdk1.8.0_181
PATH=C:\Program Files (x86)\Common Files\Oracle\Java\javapath;C:\ProgramData\Oracle\Java\javapath;C:\Program Files (x86)\Intel\iCLS Client\;C:\Program Files\Intel\iCLS Client\;C:\WINDOWS\system32;C:\WINDOWS;C:\WINDOWS\System32\Wbem;C:\WINDOWS\System32\WindowsPowerShell\v1.0\;C:\Program Files\Intel\Intel(R) Management Engine Components\DAL;C:\Program Files (x86)\Intel\Intel(R) Management Engine Components\DAL;C:\Program Files\Intel\Intel(R) Management Engine Components\IPT;C:\Program Files (x86)\Intel\Intel(R) Management Engine Components\IPT;C:\Program Files\Intel\WiFi\bin\;C:\Program Files\Common Files\Intel\WirelessCommon\;C:\Program Files\Java\jre1.8.0_25\bin;.;C:\Program Files\Java\jre1.8.0_25\bin;;C:\Program Files (x86)\NVIDIA Corporation\PhysX\Common;C:\Program Files (x86)\Windows Live\Shared;C:\Program Files (x86)\PICT\;C:\Program Files\Java\jdk1.8.0_181\bin;I:\Soft 64bit\apache-maven-3.2.5-bin\apache-maven-3.2.5\bin;C:\Program Files\Intel\WiFi\bin\;C:\Program Files\Common Files\Intel\WirelessCommon\
USERNAME=HoangPC
OS=Windows_NT
PROCESSOR_IDENTIFIER=Intel64 Family 6 Model 60 Stepping 3, GenuineIntel



---------------  S Y S T E M  ---------------

OS: Windows 8.1 , 64 bit Build 9600 (6.3.9600.17415)

CPU:total 4 (initial active 4) (2 cores per cpu, 2 threads per core) family 6 model 60 stepping 3, cmov, cx8, fxsr, mmx, sse, sse2, sse3, ssse3, sse4.1, sse4.2, popcnt, avx, avx2, aes, clmul, erms, lzcnt, ht, tsc, tscinvbit, bmi1, bmi2

Memory: 4k page, physical 8274952k(2984852k free), swap 9585672k(2410208k free)

vm_info: Java HotSpot(TM) 64-Bit Server VM (25.181-b13) for windows-amd64 JRE (1.8.0_181-b13), built on Jul  7 2018 04:01:33 by "java_re" with MS VC++ 10.0 (VS2010)

time: Wed Oct 31 21:17:32 2018
elapsed time: 280 seconds (0d 0h 4m 40s)

